P-VALUE CUTOFF = 0.05
MEAN BRANCH COVERGE OVER 30 RUNS
#1: tangz_ARTpartition BRANCHES MEAN 13564.5 SD 2079.33 / 22620 TOTAL BRANCHES (#9) 30 EXPERIMENTS
  RANK-SUM STATISTICALLY SIGNIFICANTLY BETTER THAN zhangh7_MRTBFS (#9) p-value = 0.0169548805873
#2: nelsonni_genetic BRANCHES MEAN 13078.97 SD 2785.66 / 23177 TOTAL BRANCHES (#7) 30 EXPERIMENTS
  RANK-SUM STATISTICALLY SIGNIFICANTLY BETTER THAN liuh2_oneShotBelowMeanPool (#16) p-value = 0.0232434470537
#3: SWARM BRANCHES MEAN 12780.1 SD 3852.34 / 28466 TOTAL BRANCHES (#1) 30 EXPERIMENTS
  RANK-SUM STATISTICALLY SIGNIFICANTLY BETTER THAN panju_sparseBFS (#20) p-value = 0.00282233355836
#4: kaneokak_feedback BRANCHES MEAN 12679.03 SD 2575.85 / 22877 TOTAL BRANCHES (#8) 30 EXPERIMENTS
  RANK-SUM STATISTICALLY SIGNIFICANTLY BETTER THAN liuh2_oneShotBelowMeanPool (#16) p-value = 0.0398756113944
#5: PURERANDOM BRANCHES MEAN 12593.67 SD 2928.47 / 23630 TOTAL BRANCHES (#5) 30 EXPERIMENTS
  RANK-SUM STATISTICALLY SIGNIFICANTLY BETTER THAN panju_sparseBFS (#20) p-value = 0.0100969866129
#6: COVERTESTER BRANCHES MEAN 12478.43 SD 2887.09 / 24356 TOTAL BRANCHES (#2) 30 EXPERIMENTS
  RANK-SUM STATISTICALLY SIGNIFICANTLY BETTER THAN hexu_genetic (#18) p-value = 0.0459450883469
#7: pengxin_coverTesterOnlyNew BRANCHES MEAN 12420.73 SD 3116.17 / 22407 TOTAL BRANCHES (#11) 30 EXPERIMENTS
  RANK-SUM STATISTICALLY SIGNIFICANTLY BETTER THAN panju_sparseBFS (#20) p-value = 0.0032599394372
#8: zhengxu_poolBased BRANCHES MEAN 12389.67 SD 2785.99 / 23497 TOTAL BRANCHES (#6) 30 EXPERIMENTS
  RANK-SUM STATISTICALLY SIGNIFICANTLY BETTER THAN panju_sparseBFS (#20) p-value = 0.0124696253192
#9: zhangh7_MRTBFS BRANCHES MEAN 12357.9 SD 1782.98 / 20948 TOTAL BRANCHES (#18) 30 EXPERIMENTS
  RANK-SUM STATISTICALLY SIGNIFICANTLY BETTER THAN panju_sparseBFS (#20) p-value = 0.00210389310942
#10: wutso_coverTesterBalanceActs BRANCHES MEAN 12230.5 SD 3389.71 / 22281 TOTAL BRANCHES (#13) 30 EXPERIMENTS
  RANK-SUM STATISTICALLY SIGNIFICANTLY BETTER THAN panju_sparseBFS (#20) p-value = 0.00172265702866
#11: alghamha_PROP BRANCHES MEAN 12197.27 SD 3092.37 / 22337 TOTAL BRANCHES (#12) 30 EXPERIMENTS
  RANK-SUM STATISTICALLY SIGNIFICANTLY BETTER THAN panju_sparseBFS (#20) p-value = 0.0332577966305
#12: zhouxuh_feedback BRANCHES MEAN 12190.23 SD 3711.22 / 22413 TOTAL BRANCHES (#10) 30 EXPERIMENTS
  RANK-SUM STATISTICALLY SIGNIFICANTLY BETTER THAN panju_sparseBFS (#20) p-value = 0.00200193621976
#13: chenk4_2phaseBFS BRANCHES MEAN 12090.83 SD 2705.34 / 23847 TOTAL BRANCHES (#4) 30 EXPERIMENTS
  RANK-SUM STATISTICALLY SIGNIFICANTLY BETTER THAN panju_sparseBFS (#20) p-value = 0.00453105443653
#14: hoangmin_genetic BRANCHES MEAN 11870.1 SD 2694.69 / 23873 TOTAL BRANCHES (#3) 30 EXPERIMENTS
  RANK-SUM STATISTICALLY SIGNIFICANTLY BETTER THAN chenzeh_BFSmutation (#21) p-value = 0.0153233302434
#15: zhouzh_genetic BRANCHES MEAN 11660.37 SD 2535.55 / 22040 TOTAL BRANCHES (#14) 30 EXPERIMENTS
  RANK-SUM STATISTICALLY SIGNIFICANTLY BETTER THAN chenzeh_BFSmutation (#21) p-value = 0.0398756113944
#16: liuh2_oneShotBelowMeanPool BRANCHES MEAN 11329.03 SD 2354.99 / 21443 TOTAL BRANCHES (#15) 30 EXPERIMENTS
  RANK-SUM STATISTICALLY SIGNIFICANTLY BETTER THAN xujing_feedback (#22) p-value = 0.00282233355836
#17: zhaozixu_feedback BRANCHES MEAN 11211.3 SD 2795.9 / 21362 TOTAL BRANCHES (#16) 30 EXPERIMENTS
  RANK-SUM STATISTICALLY SIGNIFICANTLY BETTER THAN xujing_feedback (#22) p-value = 0.00358511685988
#18: hexu_genetic BRANCHES MEAN 11155.73 SD 2466.92 / 21318 TOTAL BRANCHES (#17) 30 EXPERIMENTS
  RANK-SUM STATISTICALLY SIGNIFICANTLY BETTER THAN xujing_feedback (#22) p-value = 0.00849769192613
#19: rayalas_avoidKnownBugs BRANCHES MEAN 10950.97 SD 3206.54 / 20623 TOTAL BRANCHES (#19) 30 EXPERIMENTS
  RANK-SUM STATISTICALLY SIGNIFICANTLY BETTER THAN xujing_feedback (#22) p-value = 0.0246251617037
#20: panju_sparseBFS BRANCHES MEAN 10686.07 SD 1838.97 / 20593 TOTAL BRANCHES (#20) 30 EXPERIMENTS
  RANK-SUM STATISTICALLY SIGNIFICANTLY BETTER THAN xujing_feedback (#22) p-value = 0.00623577845137
#21: chenzeh_BFSmutation BRANCHES MEAN 10137.5 SD 2185.94 / 18901 TOTAL BRANCHES (#21) 30 EXPERIMENTS
#22: xujing_feedback BRANCHES MEAN 9529.03 SD 1823.12 / 18175 TOTAL BRANCHES (#22) 30 EXPERIMENTS
**********************************************************************
==================================================
FAULT #1: (<type 'exceptions.MemoryError'>, MemoryError(), 
FOUND 1 TIMES
FOUND BY 1 STUDENTS ['chenzeh_BFSmutation']
==================================================
FAULT #2: (<type 'exceptions.TypeError'>, TypeError("unsupported operand type(s) for //: 'sin' and 'int'",), 
FOUND 1 TIMES
FOUND BY 1 STUDENTS ['zhaozixu_feedback']
==================================================
FAULT #3: (<class 'sympy.core.facts.InconsistentAssumptions'>, InconsistentAssumptions({'real': True, 'prime': False, 'transcendental': True, 'commutative': True, 'zero': False, 'composite': False, 'positive': None, 'even': False, 'negative': None, 'algebraic': False, 'hermitian': True, 'complex': True, 'rational': False, 'integer': False, 'imaginary': False, 'nonzero': True, 'odd': False, 'irrational': False}, 'irrational', True), 
FOUND 1 TIMES
FOUND BY 1 STUDENTS ['chenk4_2phaseBFS']
==================================================
FAULT #4: (<class 'sympy.core.facts.InconsistentAssumptions'>, InconsistentAssumptions({'even': False, 'prime': False, 'commutative': True, 'polar': None, 'composite': False, 'positive': False, 'hermitian': True, 'nonnegative': True, 'zero': False, 'complex': True, 'negative': False, 'rational': False, 'real': True, 'integer': False, 'imaginary': False, 'odd': False}, 'zero', True), 
FOUND 1 TIMES
FOUND BY 1 STUDENTS ['rayalas_avoidKnownBugs']
==================================================
FAULT #5: (<type 'exceptions.TypeError'>, TypeError("can't convert oo to int",), 
FOUND 1 TIMES
FOUND BY 1 STUDENTS ['PURERANDOM']
==================================================
FAULT #6: (<type 'exceptions.TypeError'>, TypeError("'cos' object is not callable",), 
FOUND 1 TIMES
FOUND BY 1 STUDENTS ['zhouxuh_feedback']
==================================================
FAULT #7: (<type 'exceptions.TypeError'>, TypeError("'factorial' object is not callable",), 
FOUND 1 TIMES
FOUND BY 1 STUDENTS ['kaneokak_feedback']
==================================================
FAULT #8: (<class 'sympy.core.facts.InconsistentAssumptions'>, InconsistentAssumptions({'even': False, 'prime': False, 'commutative': True, 'polar': None, 'composite': False, 'positive': False, 'hermitian': True, 'nonnegative': True, 'algebraic': None, 'zero': False, 'complex': True, 'negative': False, 'rational': False, 'real': True, 'integer': False, 'imaginary': False, 'odd': False}, 'zero', True), 
FOUND 1 TIMES
FOUND BY 1 STUDENTS ['zhouzh_genetic']
==================================================
FAULT #9: (<class 'sympy.core.facts.InconsistentAssumptions'>, InconsistentAssumptions({'prime': False, 'even': False, 'transcendental': True, 'irrational': False, 'composite': False, 'hermitian': True, 'algebraic': False, 'zero': False, 'complex': True, 'rational': False, 'real': True, 'integer': False, 'imaginary': False, 'nonzero': True, 'odd': False, 'commutative': True}, 'irrational', True), 
FOUND 1 TIMES
FOUND BY 1 STUDENTS ['alghamha_PROP']
==================================================
FAULT #10: (<class 'sympy.core.facts.InconsistentAssumptions'>, InconsistentAssumptions({'even': False, 'prime': False, 'hermitian': True, 'real': True, 'commutative': True, 'nonpositive': True, 'composite': False, 'positive': False, 'noninteger': True, 'negative': True, 'nonnegative': False, 'zero': False, 'complex': True, 'rational': False, 'infinite': None, 'integer': False, 'imaginary': False, 'nonzero': True, 'odd': False, 'irrational': True}, 'negative', False), 
FOUND 1 TIMES
FOUND BY 1 STUDENTS ['alghamha_PROP']
==================================================
FAULT #11: (<type 'exceptions.TypeError'>, TypeError("'sin' object is not callable",), 
FOUND 1 TIMES
FOUND BY 1 STUDENTS ['wutso_coverTesterBalanceActs']
==================================================
FAULT #12: (<class 'sympy.core.facts.InconsistentAssumptions'>, InconsistentAssumptions({'prime': False, 'real': True, 'transcendental': True, 'commutative': True, 'composite': False, 'even': False, 'zero': False, 'algebraic': False, 'hermitian': True, 'complex': True, 'rational': False, 'integer': False, 'imaginary': False, 'nonzero': True, 'odd': False, 'irrational': False}, 'irrational', True), 
FOUND 1 TIMES
FOUND BY 1 STUDENTS ['zhaozixu_feedback']
==================================================
FAULT #13: (<type 'exceptions.TypeError'>, TypeError("'asin' object is not callable",), 
FOUND 2 TIMES
FOUND BY 2 STUDENTS ['wutso_coverTesterBalanceActs', 'COVERTESTER']
==================================================
FAULT #14: (<type 'exceptions.TypeError'>, TypeError('cannot create mpf from None',), 
FOUND 2 TIMES
FOUND BY 2 STUDENTS ['tangz_ARTpartition', 'zhouxuh_feedback']
==================================================
FAULT #15: (<type 'exceptions.RuntimeError'>, RuntimeError('maximum recursion depth exceeded',), 
FOUND 3 TIMES
FOUND BY 3 STUDENTS ['kaneokak_feedback', 'tangz_ARTpartition', 'alghamha_PROP']
==================================================
FAULT #16: (<type 'exceptions.TypeError'>, TypeError("'tan' object is not callable",), 
FOUND 3 TIMES
FOUND BY 3 STUDENTS ['zhangh7_MRTBFS', 'PURERANDOM', 'liuh2_oneShotBelowMeanPool']
==================================================
FAULT #17: (<type 'exceptions.RuntimeError'>, RuntimeError('maximum recursion depth exceeded while calling a Python object',), 
FOUND 10 TIMES
FOUND BY 7 STUDENTS ['nelsonni_genetic', 'chenzeh_BFSmutation', 'tangz_ARTpartition', 'wutso_coverTesterBalanceActs', 'SWARM', 'rayalas_avoidKnownBugs', 'pengxin_coverTesterOnlyNew']
==================================================
FAULT #18: (<type 'exceptions.ZeroDivisionError'>, ZeroDivisionError(), 
FOUND 19 TIMES
FOUND BY 9 STUDENTS ['chenzeh_BFSmutation', 'tangz_ARTpartition', 'wutso_coverTesterBalanceActs', 'zhouxuh_feedback', 'zhouzh_genetic', 'kaneokak_feedback', 'SWARM', 'COVERTESTER', 'xujing_feedback']
==================================================
FAULT #19: (<type 'exceptions.ValueError'>, ValueError('gamma function pole',), 
FOUND 20 TIMES
FOUND BY 10 STUDENTS ['chenzeh_BFSmutation', 'tangz_ARTpartition', 'wutso_coverTesterBalanceActs', 'kaneokak_feedback', 'PURERANDOM', 'zhaozixu_feedback', 'pengxin_coverTesterOnlyNew', 'COVERTESTER', 'zhangh7_MRTBFS', 'alghamha_PROP']
==================================================
FAULT #20: (<type 'exceptions.ValueError'>, ValueError('got complex zero with unknown accuracy',), 
FOUND 38 TIMES
FOUND BY 11 STUDENTS ['xujing_feedback', 'wutso_coverTesterBalanceActs', 'COVERTESTER', 'chenk4_2phaseBFS', 'PURERANDOM', 'zhaozixu_feedback', 'pengxin_coverTesterOnlyNew', 'panju_sparseBFS', 'zhengxu_poolBased', 'alghamha_PROP', 'hoangmin_genetic']
==================================================
FAULT #21: (<type 'exceptions.TypeError'>, TypeError("unsupported operand type(s) for //: 'Sum' and 'int'",), 
FOUND 17 TIMES
FOUND BY 13 STUDENTS ['nelsonni_genetic', 'chenzeh_BFSmutation', 'xujing_feedback', 'panju_sparseBFS', 'liuh2_oneShotBelowMeanPool', 'chenk4_2phaseBFS', 'kaneokak_feedback', 'PURERANDOM', 'zhouzh_genetic', 'COVERTESTER', 'zhengxu_poolBased', 'alghamha_PROP', 'hoangmin_genetic']
==================================================
FAULT #22: (<type 'exceptions.TypeError'>, TypeError("'mpf' object is not iterable",), 
FOUND 24 TIMES
FOUND BY 15 STUDENTS ['nelsonni_genetic', 'xujing_feedback', 'SWARM', 'liuh2_oneShotBelowMeanPool', 'zhouxuh_feedback', 'chenk4_2phaseBFS', 'kaneokak_feedback', 'PURERANDOM', 'zhaozixu_feedback', 'zhouzh_genetic', 'pengxin_coverTesterOnlyNew', 'COVERTESTER', 'zhengxu_poolBased', 'alghamha_PROP', 'hoangmin_genetic']
==================================================
FAULT #23: (<type 'exceptions.TypeError'>, TypeError('Invalid NaN comparison',), 
FOUND 44 TIMES
FOUND BY 17 STUDENTS ['hexu_genetic', 'chenzeh_BFSmutation', 'wutso_coverTesterBalanceActs', 'SWARM', 'panju_sparseBFS', 'liuh2_oneShotBelowMeanPool', 'zhengxu_poolBased', 'zhouxuh_feedback', 'chenk4_2phaseBFS', 'PURERANDOM', 'zhouzh_genetic', 'pengxin_coverTesterOnlyNew', 'COVERTESTER', 'zhangh7_MRTBFS', 'nelsonni_genetic', 'alghamha_PROP', 'hoangmin_genetic']
==================================================
FAULT #24: (<type 'exceptions.TypeError'>, TypeError("'exp' object is not callable",), 
FOUND 47 TIMES
FOUND BY 17 STUDENTS ['hexu_genetic', 'nelsonni_genetic', 'tangz_ARTpartition', 'wutso_coverTesterBalanceActs', 'SWARM', 'panju_sparseBFS', 'liuh2_oneShotBelowMeanPool', 'zhengxu_poolBased', 'zhouxuh_feedback', 'zhouzh_genetic', 'kaneokak_feedback', 'PURERANDOM', 'rayalas_avoidKnownBugs', 'pengxin_coverTesterOnlyNew', 'COVERTESTER', 'zhangh7_MRTBFS', 'hoangmin_genetic']
==================================================
FAULT #25: (<type 'exceptions.TypeError'>, TypeError('Invalid comparison 
FOUND 53 TIMES
FOUND BY 18 STUDENTS ['nelsonni_genetic', 'zhouzh_genetic', 'tangz_ARTpartition', 'wutso_coverTesterBalanceActs', 'SWARM', 'panju_sparseBFS', 'liuh2_oneShotBelowMeanPool', 'zhengxu_poolBased', 'chenk4_2phaseBFS', 'kaneokak_feedback', 'PURERANDOM', 'zhaozixu_feedback', 'rayalas_avoidKnownBugs', 'pengxin_coverTesterOnlyNew', 'COVERTESTER', 'zhangh7_MRTBFS', 'alghamha_PROP', 'hoangmin_genetic']
==================================================
FAULT #26: (<type 'exceptions.ZeroDivisionError'>, ZeroDivisionError('integer division or modulo by zero',), 
FOUND 89 TIMES
FOUND BY 19 STUDENTS ['nelsonni_genetic', 'chenzeh_BFSmutation', 'tangz_ARTpartition', 'wutso_coverTesterBalanceActs', 'SWARM', 'panju_sparseBFS', 'liuh2_oneShotBelowMeanPool', 'zhouxuh_feedback', 'chenk4_2phaseBFS', 'kaneokak_feedback', 'PURERANDOM', 'zhaozixu_feedback', 'zhouzh_genetic', 'pengxin_coverTesterOnlyNew', 'COVERTESTER', 'zhengxu_poolBased', 'xujing_feedback', 'alghamha_PROP', 'hoangmin_genetic']
==================================================
FAULT #27: (<type 'exceptions.ValueError'>, ValueError('Invalid limits 
FOUND 127 TIMES
FOUND BY 20 STUDENTS ['nelsonni_genetic', 'chenzeh_BFSmutation', 'tangz_ARTpartition', 'wutso_coverTesterBalanceActs', 'SWARM', 'panju_sparseBFS', 'liuh2_oneShotBelowMeanPool', 'zhengxu_poolBased', 'zhouxuh_feedback', 'chenk4_2phaseBFS', 'kaneokak_feedback', 'PURERANDOM', 'zhaozixu_feedback', 'zhouzh_genetic', 'pengxin_coverTesterOnlyNew', 'COVERTESTER', 'zhangh7_MRTBFS', 'xujing_feedback', 'alghamha_PROP', 'hoangmin_genetic']
==================================================
FAULT #28: (<type 'exceptions.AssertionError'>, AssertionError(), 
FOUND 68 TIMES
FOUND BY 20 STUDENTS ['nelsonni_genetic', 'chenzeh_BFSmutation', 'tangz_ARTpartition', 'wutso_coverTesterBalanceActs', 'SWARM', 'panju_sparseBFS', 'liuh2_oneShotBelowMeanPool', 'zhengxu_poolBased', 'zhouxuh_feedback', 'chenk4_2phaseBFS', 'kaneokak_feedback', 'PURERANDOM', 'zhaozixu_feedback', 'zhouzh_genetic', 'pengxin_coverTesterOnlyNew', 'COVERTESTER', 'zhangh7_MRTBFS', 'xujing_feedback', 'alghamha_PROP', 'hoangmin_genetic']
==================================================
FAULT #29: (<class 'sympy.polys.polyerrors.NotAlgebraic'>, 
FOUND 82 TIMES
FOUND BY 21 STUDENTS ['hexu_genetic', 'chenzeh_BFSmutation', 'zhouzh_genetic', 'tangz_ARTpartition', 'wutso_coverTesterBalanceActs', 'SWARM', 'panju_sparseBFS', 'liuh2_oneShotBelowMeanPool', 'zhengxu_poolBased', 'zhouxuh_feedback', 'chenk4_2phaseBFS', 'kaneokak_feedback', 'PURERANDOM', 'zhaozixu_feedback', 'rayalas_avoidKnownBugs', 'pengxin_coverTesterOnlyNew', 'COVERTESTER', 'zhangh7_MRTBFS', 'nelsonni_genetic', 'alghamha_PROP', 'hoangmin_genetic']
==================================================
FAULT #30: (<type 'exceptions.AttributeError'>, AttributeError("'NaN' object has no attribute '_mpf_'",), 
FOUND 151 TIMES
FOUND BY 22 STUDENTS ['zhouxuh_feedback', 'chenk4_2phaseBFS', 'kaneokak_feedback', 'SWARM', 'pengxin_coverTesterOnlyNew', 'zhangh7_MRTBFS', 'hoangmin_genetic', 'hexu_genetic', 'xujing_feedback', 'wutso_coverTesterBalanceActs', 'zhouzh_genetic', 'COVERTESTER', 'nelsonni_genetic', 'tangz_ARTpartition', 'PURERANDOM', 'zhaozixu_feedback', 'panju_sparseBFS', 'zhengxu_poolBased', 'alghamha_PROP', 'chenzeh_BFSmutation', 'liuh2_oneShotBelowMeanPool', 'rayalas_avoidKnownBugs']
==================================================
FAULT #31: (<type 'exceptions.RuntimeError'>, RuntimeError('maximum recursion depth exceeded in cmp',), 
FOUND 2422 TIMES
FOUND BY 22 STUDENTS ['zhouxuh_feedback', 'chenk4_2phaseBFS', 'kaneokak_feedback', 'SWARM', 'pengxin_coverTesterOnlyNew', 'zhangh7_MRTBFS', 'hoangmin_genetic', 'hexu_genetic', 'xujing_feedback', 'wutso_coverTesterBalanceActs', 'zhouzh_genetic', 'COVERTESTER', 'nelsonni_genetic', 'tangz_ARTpartition', 'PURERANDOM', 'zhaozixu_feedback', 'panju_sparseBFS', 'zhengxu_poolBased', 'alghamha_PROP', 'chenzeh_BFSmutation', 'liuh2_oneShotBelowMeanPool', 'rayalas_avoidKnownBugs']
**********************************************************************
#1: alghamha_PROP 15 FAULTS (#4) MEAN 2.13 SD 1.8 / 152 FAILURES (#9) MEAN 5.07 SD 5.22 #9:1 #10:1 #15:1 #19:3 #20:2 #21:1 #22:2 #23:2 #25:1 #26:7 #27:7 #28:6 #29:3 #30:13 #31:102 RUNS: 30
  FAULTS RANK-SUM STATISTICALLY SIGNIFICANTLY BETTER THAN rayalas_avoidKnownBugs (#21) p-value = 0.013831619803
  FAILURES RANK-SUM STATISTICALLY SIGNIFICANTLY BETTER THAN chenzeh_BFSmutation (#19) p-value = 0.0172989009604
#2: zhouxuh_feedback 12 FAULTS (#9) MEAN 2.1 SD 1.62 / 148 FAILURES (#11) MEAN 4.93 SD 4.91 #6:1 #14:1 #18:1 #22:1 #23:1 #24:2 #26:10 #27:8 #28:5 #29:3 #30:11 #31:104 RUNS: 30
  FAULTS RANK-SUM STATISTICALLY SIGNIFICANTLY BETTER THAN rayalas_avoidKnownBugs (#21) p-value = 0.00544473508216
  FAILURES RANK-SUM STATISTICALLY SIGNIFICANTLY BETTER THAN chenzeh_BFSmutation (#19) p-value = 0.00485601639667
#3: SWARM 12 FAULTS (#11) MEAN 2.1 SD 1.8 / 136 FAILURES (#14) MEAN 4.53 SD 4.83 #17:2 #18:1 #22:3 #23:3 #24:2 #25:5 #26:8 #27:16 #28:2 #29:2 #30:8 #31:84 RUNS: 30
  FAULTS RANK-SUM STATISTICALLY SIGNIFICANTLY BETTER THAN rayalas_avoidKnownBugs (#21) p-value = 0.011958983569
  FAILURES RANK-SUM STATISTICALLY SIGNIFICANTLY BETTER THAN chenzeh_BFSmutation (#19) p-value = 0.0320535901107
#4: PURERANDOM 15 FAULTS (#3) MEAN 2.07 SD 1.93 / 184 FAILURES (#5) MEAN 6.13 SD 6.05 #5:1 #16:1 #19:1 #20:1 #21:1 #22:3 #23:3 #24:2 #25:1 #26:4 #27:9 #28:5 #29:3 #30:8 #31:141 RUNS: 30
  FAULTS RANK-SUM STATISTICALLY SIGNIFICANTLY BETTER THAN rayalas_avoidKnownBugs (#21) p-value = 0.0135491580066
  FAILURES RANK-SUM STATISTICALLY SIGNIFICANTLY BETTER THAN chenzeh_BFSmutation (#19) p-value = 0.0040329775913
#5: COVERTESTER 15 FAULTS (#2) MEAN 2.03 SD 1.6 / 144 FAILURES (#12) MEAN 4.8 SD 4.11 #13:1 #18:2 #19:2 #20:2 #21:1 #22:1 #23:1 #24:1 #25:2 #26:7 #27:10 #28:1 #29:4 #30:5 #31:104 RUNS: 30
  FAULTS RANK-SUM STATISTICALLY SIGNIFICANTLY BETTER THAN rayalas_avoidKnownBugs (#21) p-value = 0.00868437122924
  FAILURES RANK-SUM STATISTICALLY SIGNIFICANTLY BETTER THAN chenzeh_BFSmutation (#19) p-value = 0.00496893443565
#6: kaneokak_feedback 14 FAULTS (#5) MEAN 2.0 SD 1.39 / 180 FAILURES (#6) MEAN 6.0 SD 5.62 #7:1 #15:1 #18:2 #19:2 #21:1 #22:3 #24:5 #25:2 #26:4 #27:5 #28:3 #29:3 #30:8 #31:140 RUNS: 30
  FAULTS RANK-SUM STATISTICALLY SIGNIFICANTLY BETTER THAN rayalas_avoidKnownBugs (#21) p-value = 0.00310763913573
  FAILURES RANK-SUM STATISTICALLY SIGNIFICANTLY BETTER THAN zhaozixu_feedback (#16) p-value = 0.0435835477758
#7: pengxin_coverTesterOnlyNew 13 FAULTS (#6) MEAN 1.97 SD 1.4 / 129 FAILURES (#16) MEAN 4.3 SD 4.17 #17:1 #19:1 #20:2 #22:1 #23:3 #24:3 #25:1 #26:5 #27:6 #28:9 #29:3 #30:16 #31:78 RUNS: 30
  FAULTS RANK-SUM STATISTICALLY SIGNIFICANTLY BETTER THAN rayalas_avoidKnownBugs (#21) p-value = 0.00532207780514
  FAILURES RANK-SUM STATISTICALLY SIGNIFICANTLY BETTER THAN chenzeh_BFSmutation (#19) p-value = 0.0147104444534
#8: wutso_coverTesterBalanceActs 15 FAULTS (#1) MEAN 1.93 SD 1.67 / 135 FAILURES (#15) MEAN 4.5 SD 4.26 #11:1 #13:1 #17:1 #18:1 #19:1 #20:1 #23:4 #24:2 #25:2 #26:6 #27:6 #28:7 #29:4 #30:7 #31:91 RUNS: 30
  FAULTS RANK-SUM STATISTICALLY SIGNIFICANTLY BETTER THAN rayalas_avoidKnownBugs (#21) p-value = 0.0105365252587
  FAILURES RANK-SUM STATISTICALLY SIGNIFICANTLY BETTER THAN chenzeh_BFSmutation (#19) p-value = 0.00375853192478
#9: tangz_ARTpartition 13 FAULTS (#8) MEAN 1.9 SD 1.11 / 174 FAILURES (#7) MEAN 5.8 SD 5.0 #14:1 #15:1 #17:2 #18:1 #19:1 #24:1 #25:1 #26:4 #27:5 #28:4 #29:3 #30:8 #31:142 RUNS: 30
  FAULTS RANK-SUM STATISTICALLY SIGNIFICANTLY BETTER THAN rayalas_avoidKnownBugs (#21) p-value = 0.00195267667393
  FAILURES RANK-SUM STATISTICALLY SIGNIFICANTLY BETTER THAN zhaozixu_feedback (#16) p-value = 0.0303174288133
#10: zhengxu_poolBased 12 FAULTS (#15) MEAN 1.9 SD 1.35 / 150 FAILURES (#10) MEAN 5.0 SD 3.8 #20:1 #21:1 #22:1 #23:2 #24:2 #25:1 #26:3 #27:9 #28:4 #29:3 #30:6 #31:117 RUNS: 30
  FAULTS RANK-SUM STATISTICALLY SIGNIFICANTLY BETTER THAN rayalas_avoidKnownBugs (#21) p-value = 0.00652159522961
  FAILURES RANK-SUM STATISTICALLY SIGNIFICANTLY BETTER THAN chenzeh_BFSmutation (#19) p-value = 0.00474542496005
#11: hoangmin_genetic 12 FAULTS (#12) MEAN 1.87 SD 1.41 / 142 FAILURES (#13) MEAN 4.73 SD 3.58 #20:1 #21:1 #22:1 #23:2 #24:2 #25:2 #26:3 #27:7 #28:3 #29:3 #30:7 #31:110 RUNS: 30
  FAULTS RANK-SUM STATISTICALLY SIGNIFICANTLY BETTER THAN rayalas_avoidKnownBugs (#21) p-value = 0.0135491580066
  FAILURES RANK-SUM STATISTICALLY SIGNIFICANTLY BETTER THAN chenzeh_BFSmutation (#19) p-value = 0.00946826970862
#12: nelsonni_genetic 12 FAULTS (#13) MEAN 1.8 SD 1.22 / 191 FAILURES (#4) MEAN 6.37 SD 5.6 #17:1 #21:1 #22:2 #23:2 #24:3 #25:4 #26:4 #27:5 #28:2 #29:7 #30:2 #31:158 RUNS: 30
  FAULTS RANK-SUM STATISTICALLY SIGNIFICANTLY BETTER THAN rayalas_avoidKnownBugs (#21) p-value = 0.00795899566105
  FAILURES RANK-SUM STATISTICALLY SIGNIFICANTLY BETTER THAN zhaozixu_feedback (#16) p-value = 0.0260774773081
#13: zhouzh_genetic 13 FAULTS (#7) MEAN 1.73 SD 1.18 / 163 FAILURES (#8) MEAN 5.43 SD 4.37 #8:1 #18:1 #21:1 #22:1 #23:1 #24:2 #25:5 #26:5 #27:5 #28:1 #29:7 #30:2 #31:131 RUNS: 30
  FAULTS RANK-SUM STATISTICALLY SIGNIFICANTLY BETTER THAN rayalas_avoidKnownBugs (#21) p-value = 0.0147104444534
  FAILURES RANK-SUM STATISTICALLY SIGNIFICANTLY BETTER THAN chenzeh_BFSmutation (#19) p-value = 0.00195267667393
#14: zhangh7_MRTBFS 10 FAULTS (#19) MEAN 1.7 SD 0.94 / 245 FAILURES (#2) MEAN 8.17 SD 6.38 #16:1 #19:2 #23:6 #24:5 #25:2 #27:1 #28:6 #29:5 #30:3 #31:214 RUNS: 30
  FAULTS RANK-SUM STATISTICALLY SIGNIFICANTLY BETTER THAN rayalas_avoidKnownBugs (#21) p-value = 0.00623577845137
  FAILURES RANK-SUM STATISTICALLY SIGNIFICANTLY BETTER THAN alghamha_PROP (#1) p-value = 0.0156381195257
#15: liuh2_oneShotBelowMeanPool 12 FAULTS (#17) MEAN 1.6 SD 1.23 / 106 FAILURES (#18) MEAN 3.53 SD 2.88 #16:1 #21:1 #22:1 #23:2 #24:1 #25:2 #26:3 #27:4 #28:2 #29:2 #30:5 #31:82 RUNS: 30
  FAULTS RANK-SUM STATISTICALLY SIGNIFICANTLY BETTER THAN hexu_genetic (#22) p-value = 0.0135491580066
  FAILURES RANK-SUM STATISTICALLY SIGNIFICANTLY BETTER THAN chenzeh_BFSmutation (#19) p-value = 0.0357826755837
#16: zhaozixu_feedback 12 FAULTS (#14) MEAN 1.5 SD 1.28 / 108 FAILURES (#17) MEAN 3.6 SD 4.45 #2:1 #12:1 #19:4 #20:19 #22:1 #25:3 #26:1 #27:2 #28:1 #29:8 #30:7 #31:60 RUNS: 30
  FAILURES RANK-SUM STATISTICALLY SIGNIFICANTLY BETTER THAN hexu_genetic (#22) p-value = 0.0364388559135
#17: chenk4_2phaseBFS 12 FAULTS (#10) MEAN 1.47 SD 0.85 / 213 FAILURES (#3) MEAN 7.1 SD 9.18 #3:1 #20:4 #21:2 #22:2 #23:1 #25:17 #26:4 #27:2 #28:2 #29:2 #30:2 #31:174 RUNS: 30
  FAULTS RANK-SUM STATISTICALLY SIGNIFICANTLY BETTER THAN rayalas_avoidKnownBugs (#21) p-value = 0.0364388559135
  FAILURES RANK-SUM STATISTICALLY SIGNIFICANTLY BETTER THAN chenzeh_BFSmutation (#19) p-value = 0.00496893443565
#18: panju_sparseBFS 11 FAULTS (#18) MEAN 1.43 SD 0.8 / 302 FAILURES (#1) MEAN 10.07 SD 9.23 #20:1 #21:2 #23:9 #24:8 #25:1 #26:2 #27:2 #28:1 #29:13 #30:1 #31:262 RUNS: 30
  FAULTS RANK-SUM STATISTICALLY SIGNIFICANTLY BETTER THAN rayalas_avoidKnownBugs (#21) p-value = 0.0413253615725
  FAILURES RANK-SUM STATISTICALLY SIGNIFICANTLY BETTER THAN alghamha_PROP (#1) p-value = 0.00712883007556
#19: chenzeh_BFSmutation 12 FAULTS (#16) MEAN 1.43 SD 1.52 / 69 FAILURES (#19) MEAN 2.3 SD 3.44 #1:1 #17:2 #18:6 #19:3 #21:2 #23:1 #26:7 #27:9 #28:3 #29:1 #30:14 #31:20 RUNS: 30
#20: xujing_feedback 9 FAULTS (#20) MEAN 1.4 SD 1.14 / 65 FAILURES (#20) MEAN 2.17 SD 2.45 #18:4 #20:4 #21:2 #22:1 #26:2 #27:9 #28:1 #30:16 #31:26 RUNS: 30
#21: rayalas_avoidKnownBugs 7 FAULTS (#21) MEAN 0.97 SD 0.87 / 56 FAILURES (#21) MEAN 1.87 SD 2.17 #4:1 #17:1 #24:3 #25:1 #29:2 #30:1 #31:47 RUNS: 30
#22: hexu_genetic 5 FAULTS (#22) MEAN 0.83 SD 0.78 / 41 FAILURES (#22) MEAN 1.37 SD 1.58 #23:1 #24:3 #29:1 #30:1 #31:35 RUNS: 30
**********************************************************************
KENDALL TAU CORRELATIONS:
TOTAL FAULTS VS. TOTAL BRANCHES
KendalltauResult(correlation=0.36664952797918648, pvalue=0.016928685603816523)
TOTAL FAULTS VS. TOTAL FAILURES
KendalltauResult(correlation=0.23156812293422302, pvalue=0.13145978357835247)
TOTAL FAULTS VS. MEAN FAULTS
KendalltauResult(correlation=0.66041208631447312, pvalue=1.6946172539987906e-05)
TOTAL FAULTS VS. MEAN FAILURES
KendalltauResult(correlation=0.23156812293422302, pvalue=0.13145978357835247)
TOTAL FAULTS VS. MEAN BRANCHES
KendalltauResult(correlation=0.42454155871274224, pvalue=0.0056862529955344823)
TOTAL BRANCHES VS. MEAN BRANCHES
KendalltauResult(correlation=0.5930735930735932, pvalue=0.00011194968655935758)
MEAN FAULTS VS. MEAN BRANCHES
KendalltauResult(correlation=0.55774611799040197, pvalue=0.0002801418252405929)
MEAN FAULTS VS. MEAN FAILURES
KendalltauResult(correlation=0.22658436043360081, pvalue=0.13996874078092919)
MEAN FAILURES VS. MEAN BRANCHES
KendalltauResult(correlation=0.35064935064935071, pvalue=0.022369635571785947)
TOTAL FAILURES VS. TOTAL BRANCHES
KendalltauResult(correlation=0.27272727272727282, pvalue=0.075655559916822879)
TOTAL FAILURES VS. MEAN BRANCHES
KendalltauResult(correlation=0.35064935064935071, pvalue=0.022369635571785947)
