======================================================================================
allseq.s3.7
FAILURES: [1, 0, 1, 5, 1, 3, 0, 0, 0, 1, 2, 0, 2, 0, 1, 2, 1] 
MEAN: 1.17647058824 SDEV: 1.29411764706
BRANCHES: [191, 180, 191, 191, 190, 191, 180, 180, 180, 191, 191, 180, 191, 180, 191, 190, 190] 
MEAN: 186.941176471 SDEV: 5.13890109832
STATEMENTS: [141, 135, 141, 141, 141, 141, 135, 135, 135, 141, 141, 135, 141, 135, 141, 141, 141] 
MEAN: 138.882352941 SDEV: 2.86730767222
SEQS 2 : [10062, 10062, 10062, 10062, 10062, 10062, 10062, 10062, 10062, 10062, 10062, 10062, 10062, 10062, 10062, 10062, 10062] 
MEAN: 10062.0 SDEV: 0.0
SEQS 3 : [496436, 500406, 496290, 506837, 509319, 508240, 511770, 509711, 508912, 507879, 508874, 509258, 508181, 507619, 500062, 494960, 512846] 
MEAN: 505741.176471 SDEV: 5541.17457537
SEQS 4 : [1143369, 1167972, 1146126, 1211481, 1227680, 1221686, 1238739, 1232455, 1225741, 1219710, 1223467, 1222913, 1223703, 1215229, 1166446, 1139190, 1251376] 
MEAN: 1204546.05882 SDEV: 35221.9994263
SEQS 5 : [1133564, 1158240, 1136348, 1201710, 1217756, 1211796, 1228800, 1222464, 1215936, 1209692, 1213720, 1213152, 1213912, 1205376, 1156700, 1129528, 1241468] 
MEAN: 1194715.41176 SDEV: 35161.9897568
SEQS 6 : [1121755, 1146175, 1124510, 1189188, 1205070, 1199170, 1216000, 1209730, 1203270, 1197090, 1201075, 1200515, 1201265, 1192820, 1144650, 1117761, 1228535] 
MEAN: 1182269.35294 SDEV: 34795.6925562
SEQS 7 : [1109946, 1134110, 1112672, 1176666, 1192384, 1186544, 1203200, 1196996, 1190604, 1184488, 1188430, 1187878, 1188618, 1180264, 1132600, 1105994, 1215602] 
MEAN: 1169823.29412 SDEV: 34429.395395
ACTIONS: [1180800, 1206500, 1183700, 1251800, 1268500, 1262300, 1280000, 1273400, 1266600, 1260100, 1264300, 1263700, 1264500, 1255600, 1204900, 1176600, 1293200] 
MEAN: 1244500.0 SDEV: 36626.766169
======================================================================================
allseq.s4.7
FAILURES: [1, 2, 2, 1, 3, 0, 1, 2, 1, 2, 1, 0, 2, 1, 0, 1, 3] 
MEAN: 1.35294117647 SDEV: 0.903664205632
BRANCHES: [190, 189, 191, 191, 191, 180, 189, 189, 189, 191, 189, 180, 190, 191, 180, 190, 191] 
MEAN: 188.294117647 SDEV: 3.92225484192
STATEMENTS: [141, 141, 141, 141, 141, 135, 141, 141, 141, 141, 141, 135, 141, 141, 135, 141, 141] 
MEAN: 139.941176471 SDEV: 2.2873202465
SEQS 2 : [10062, 10062, 10062, 10062, 10062, 10062, 10062, 10062, 10062, 10062, 10062, 10062, 10062, 10062, 10062, 10062, 10062] 
MEAN: 10062.0 SDEV: 0.0
SEQS 3 : [468361, 468639, 478493, 478928, 477226, 477079, 478391, 477768, 477954, 477385, 478039, 478290, 477589, 475123, 455991, 466411, 486064] 
MEAN: 475160.647059 SDEV: 6592.71112617
SEQS 4 : [1646835, 1646680, 1737148, 1738688, 1721537, 1726928, 1734907, 1728333, 1730988, 1730984, 1736845, 1735268, 1729526, 1702817, 1541358, 1639608, 1802127] 
MEAN: 1707681.0 SDEV: 57085.7468551
SEQS 5 : [1637468, 1637272, 1728188, 1729820, 1712532, 1718016, 1725788, 1719352, 1722236, 1722136, 1728188, 1726464, 1720600, 1693436, 1531584, 1630076, 1793460] 
MEAN: 1698624.47059 SDEV: 57370.1669041
SEQS 6 : [1620410, 1620215, 1710185, 1711800, 1694690, 1700120, 1707810, 1701440, 1704295, 1704195, 1710185, 1708480, 1702675, 1675795, 1515630, 1613095, 1774775] 
MEAN: 1680929.11765 SDEV: 56772.195562
SEQS 7 : [1603352, 1603158, 1692182, 1693780, 1676848, 1682224, 1689832, 1683528, 1686354, 1686254, 1692182, 1690496, 1684750, 1658154, 1499676, 1596114, 1756090] 
MEAN: 1663233.76471 SDEV: 56174.224233
ACTIONS: [1705700, 1705500, 1800200, 1801900, 1783900, 1789600, 1797700, 1791000, 1794000, 1793900, 1800200, 1798400, 1792300, 1764000, 1595400, 1698000, 1868200] 
MEAN: 1769405.88235 SDEV: 59762.0523959
======================================================================================
stubseq.s3.7
FAILURES: [0, 0, 0, 2, 1, 0, 1, 0, 2, 0, 1, 2, 0, 2, 0, 2, 0] 
MEAN: 0.764705882353 SDEV: 0.876450848574
BRANCHES: [180, 180, 180, 191, 189, 180, 191, 180, 191, 180, 189, 191, 180, 190, 180, 191, 180] 
MEAN: 184.882352941 SDEV: 5.21177798431
STATEMENTS: [135, 135, 135, 141, 141, 135, 141, 135, 141, 135, 141, 141, 135, 141, 135, 141, 135] 
MEAN: 137.823529412 SDEV: 2.99480519091
SEQS 2 : [10062, 10062, 10062, 10062, 10062, 10062, 10062, 10062, 10062, 10062, 10062, 10062, 10062, 10062, 10062, 10062, 10062] 
MEAN: 10062.0 SDEV: 0.0
SEQS 3 : [501417, 499688, 507039, 508766, 510108, 509756, 507787, 510657, 508834, 511026, 510412, 508874, 511084, 509975, 508754, 499350, 518717] 
MEAN: 508367.294118 SDEV: 4513.80224181
SEQS 4 : [1172810, 1165142, 1210970, 1225571, 1233895, 1231223, 1215121, 1232942, 1222554, 1240105, 1237329, 1222935, 1238712, 1232880, 1220975, 1165376, 1288216] 
MEAN: 1220985.64706 SDEV: 29422.3953017
SEQS 5 : [1163040, 1155360, 1201152, 1215832, 1223997, 1221504, 1205180, 1222944, 1212760, 1230144, 1227452, 1213144, 1228992, 1223032, 1211232, 1155736, 1278336] 
MEAN: 1211166.88235 SDEV: 29379.1177577
SEQS 6 : [1150925, 1143325, 1188640, 1203165, 1211247, 1208780, 1192625, 1210205, 1200125, 1217330, 1214665, 1200505, 1216190, 1210290, 1198615, 1143695, 1265020] 
MEAN: 1198549.82353 SDEV: 29073.210388
SEQS 7 : [1138810, 1131290, 1176128, 1190498, 1198497, 1196056, 1180070, 1197466, 1187491, 1204516, 1201878, 1187866, 1203388, 1197548, 1185998, 1131654, 1251704] 
MEAN: 1185932.82353 SDEV: 28767.3062331
ACTIONS: [1211500, 1203500, 1251200, 1266500, 1275000, 1272400, 1255400, 1273900, 1263300, 1281400, 1278600, 1263700, 1280200, 1274000, 1261700, 1203900, 1331600] 
MEAN: 1261635.29412 SDEV: 30602.8245751
======================================================================================
stubseq.s4.7
FAILURES: [0, 2, 2, 4, 1, 0, 2, 2, 1, 2, 2, 2, 1, 2, 3, 2, 2] 
MEAN: 1.76470588235 SDEV: 0.941176470588
BRANCHES: [180, 190, 190, 191, 189, 180, 189, 190, 191, 191, 191, 191, 191, 190, 191, 191, 189] 
MEAN: 189.117647059 SDEV: 3.41075035631
STATEMENTS: [135, 141, 141, 141, 141, 135, 141, 141, 141, 141, 141, 141, 141, 141, 141, 141, 141] 
MEAN: 140.294117647 SDEV: 1.93313843825
SEQS 2 : [10062, 10062, 10062, 10062, 10062, 10062, 10062, 10062, 10062, 10062, 10062, 10062, 10062, 10062, 10062, 10062, 10062] 
MEAN: 10062.0 SDEV: 0.0
SEQS 3 : [468174, 465242, 477410, 476784, 477907, 478156, 479144, 477846, 476974, 476343, 478355, 474421, 477508, 473994, 476452, 483819, 481175] 
MEAN: 476453.176471 SDEV: 4209.19960584
SEQS 4 : [1643841, 1618985, 1728337, 1720472, 1734087, 1735818, 1734321, 1728820, 1723862, 1715603, 1737055, 1697935, 1732088, 1702783, 1721092, 1787328, 1769094] 
MEAN: 1719501.23529 SDEV: 38348.4508369
SEQS 5 : [1634304, 1609528, 1719256, 1711376, 1724924, 1726560, 1725112, 1719832, 1714940, 1706585, 1727992, 1688920, 1722814, 1693720, 1711956, 1778392, 1760442] 
MEAN: 1710391.35294 SDEV: 38494.108666
SEQS 6 : [1617280, 1592760, 1701345, 1693545, 1706955, 1708575, 1707140, 1701915, 1697076, 1688807, 1709990, 1671325, 1704868, 1676075, 1694120, 1759865, 1742103] 
MEAN: 1692573.17647 SDEV: 38093.0806798
SEQS 7 : [1600256, 1575992, 1683434, 1675714, 1688986, 1690590, 1689168, 1683998, 1679212, 1671029, 1691988, 1653730, 1686922, 1658430, 1676284, 1741339, 1723764] 
MEAN: 1674755.05882 SDEV: 37692.15664
ACTIONS: [1702400, 1676600, 1790900, 1782700, 1796800, 1798500, 1797000, 1791500, 1786400, 1777700, 1800000, 1759300, 1794600, 1764300, 1783300, 1852500, 1833800] 
MEAN: 1781664.70588 SDEV: 40098.4221661
======================================================================================
randseq.7
FAILURES: [0, 0, 1, 1, 1, 0, 1, 0, 1, 1, 2, 0, 2, 3, 1, 2, 3] 
MEAN: 1.11764705882 SDEV: 0.962982679044
BRANCHES: [180, 180, 191, 191, 189, 180, 189, 180, 191, 190, 190, 180, 191, 191, 191, 191, 191] 
MEAN: 187.411764706 SDEV: 4.82711487975
STATEMENTS: [135, 135, 141, 141, 141, 135, 141, 135, 141, 141, 141, 135, 141, 141, 141, 141, 141] 
MEAN: 139.235294118 SDEV: 2.73387059732
SEQS 2 : [10062, 10062, 10062, 10062, 10062, 10062, 10062, 10062, 10062, 10062, 10062, 10062, 10062, 10062, 10062, 10062, 10062] 
MEAN: 10062.0 SDEV: 0.0
SEQS 3 : [454754, 462312, 464513, 473590, 472020, 476524, 474476, 475977, 474285, 475560, 472930, 476448, 474144, 474247, 473914, 469554, 483152] 
MEAN: 472258.823529 SDEV: 6293.52597549
SEQS 4 : [1470190, 1529682, 1/usr/local/lib/python2.7/site-packages/scipy/stats/morestats.py:2384: UserWarning: Warning: sample size too small for normal approximation.
  warnings.warn("Warning: sample size too small for normal approximation.")
/usr/local/lib/python2.7/site-packages/scipy/stats/morestats.py:2408: RuntimeWarning: invalid value encountered in double_scalars
  z = (T - mn - correction) / se
540972, 1618293, 1603848, 1640181, 1623790, 1633912, 1623518, 1629104, 1610076, 1640204, 1622851, 1621712, 1617381, 1584235, 1689929] 
MEAN: 1605875.17647 SDEV: 49182.8328458
SEQS 5 : [1576269, 1646297, 1659531, 1749801, 1731930, 1776275, 1756242, 1767363, 1757413, 1762238, 1740069, 1775577, 1755314, 1753774, 1747472, 1710429, 1833882] 
MEAN: 1735286.82353 SDEV: 57602.6581099
SEQS 6 : [1563579, 1633289, 1646401, 1736174, 1718235, 1762596, 1742442, 1753558, 1743788, 1748594, 1726390, 1761731, 1741596, 1740061, 1733792, 1697036, 1819768] 
MEAN: 1721707.64706 SDEV: 57275.5597071
SEQS 7 : [1547238, 1616231, 1629199, 1718026, 1700265, 1744168, 1724235, 1735236, 1725548, 1730338, 1708340, 1743319, 1723382, 1721872, 1715680, 1679290, 1800747] 
MEAN: 1703712.58824 SDEV: 56675.3821877
ACTIONS: [1646000, 1719400, 1733200, 1827700, 1808800, 1855500, 1834300, 1846000, 1835700, 1840800, 1817400, 1854600, 1833400, 1831800, 1825200, 1786500, 1915700] 
MEAN: 1812470.58824 SDEV: 60294.3443324


WILCOX STATISTICAL ANALYSIS WITH P-VALUE TARGET 0.05
======================================================================================
allseq.s3.7 VS. allseq.s4.7
SEQS 3 WILCOX: 0.000293052520192
SEQS 4 WILCOX: 0.000293052520192
SEQS 5 WILCOX: 0.000293052520192
SEQS 6 WILCOX: 0.000293052520192
SEQS 7 WILCOX: 0.000293052520192
======================================================================================
allseq.s3.7 VS. stubseq.s3.7
SEQS 3 WILCOX: 0.0056180460565
SEQS 4 WILCOX: 0.00648997000767
SEQS 5 WILCOX: 0.00748177816153
SEQS 6 WILCOX: 0.00748177816153
SEQS 7 WILCOX: 0.00748177816153
======================================================================================
allseq.s3.7 VS. stubseq.s4.7
SEQS 3 WILCOX: 0.000293052520192
SEQS 4 WILCOX: 0.000293052520192
SEQS 5 WILCOX: 0.000293052520192
SEQS 6 WILCOX: 0.000293052520192
SEQS 7 WILCOX: 0.000293052520192
======================================================================================
allseq.s3.7 VS. randseq.7
SEQS 3 WILCOX: 0.000293052520192
SEQS 4 WILCOX: 0.000293052520192
SEQS 5 WILCOX: 0.000293052520192
SEQS 6 WILCOX: 0.000293052520192
SEQS 7 WILCOX: 0.000293052520192
======================================================================================
allseq.s4.7 VS. stubseq.s3.7
STATEMENTS WILCOX: 0.0338948535247
SEQS 3 WILCOX: 0.000293052520192
SEQS 4 WILCOX: 0.000293052520192
SEQS 5 WILCOX: 0.000293052520192
SEQS 6 WILCOX: 0.000293052520192
SEQS 7 WILCOX: 0.000293052520192
======================================================================================
allseq.s4.7 VS. stubseq.s4.7
======================================================================================
allseq.s4.7 VS. randseq.7
SEQS 3 WILCOX: 0.0129460261275
SEQS 4 WILCOX: 0.000420790781678
SEQS 5 WILCOX: 0.0245404989711
SEQS 6 WILCOX: 0.0168220406729
SEQS 7 WILCOX: 0.0168220406729
======================================================================================
stubseq.s3.7 VS. stubseq.s4.7
FAILURES WILCOX: 0.00553443530481
BRANCHES WILCOX: 0.0121505340201
STATEMENTS WILCOX: 0.0081509715935
SEQS 3 WILCOX: 0.000293052520192
SEQS 4 WILCOX: 0.000293052520192
SEQS 5 WILCOX: 0.000293052520192
SEQS 6 WILCOX: 0.000293052520192
SEQS 7 WILCOX: 0.000293052520192
======================================================================================
randseq.7 VS. stubseq.s3.7
SEQS 3 WILCOX: 0.000293052520192
SEQS 4 WILCOX: 0.000293052520192
SEQS 5 WILCOX: 0.000293052520192
SEQS 6 WILCOX: 0.000293052520192
SEQS 7 WILCOX: 0.000293052520192
======================================================================================
randseq.7 VS. stubseq.s4.7
FAILURES WILCOX: 0.0407060327576
SEQS 3 WILCOX: 0.00226333587286
SEQS 4 WILCOX: 0.000293052520192
