/usr/local/lib/python2.7/site-packages/scipy/stats/morestats.py:2384: UserWarning: Warning: sample size too small for normal approximation.
  warnings.warn("Warning: sample size too small for normal approximation.")
/usr/local/lib/python2.7/site-packages/scipy/stats/morestats.py:2408: RuntimeWarning: invalid value encountered in double_scalars
  z = (T - mn - correction) / se
======================================================================================
swarm
FAILURES: [0, 0, 0, 0, 0, 0, 0, 0, 0, 0, 0, 0, 0, 0, 0, 0, 0, 0, 0, 0, 0, 0, 0, 0, 0, 0] 
MEAN: 0.0 SDEV: 0.0
BRANCHES: [1743, 1980, 1743, 1955, 1743, 1743, 1980, 1980, 1743, 1743, 1743, 1743, 1743, 1743, 1980, 1743, 1980, 1980, 1980, 1980, 1743, 1743, 1980, 1743, 1986, 1743] 
MEAN: 1842.53846154 SDEV: 116.339764605
STATEMENTS: [1573, 1739, 1573, 1723, 1573, 1573, 1739, 1739, 1573, 1573, 1573, 1573, 1573, 1573, 1739, 1573, 1739, 1739, 1739, 1739, 1573, 1573, 1739, 1573, 1743, 1573] 
MEAN: 1642.76923077 SDEV: 81.5339984265
ACTIONS: [94504, 87679, 95568, 77436, 87924, 86975, 82804, 89691, 84486, 79646, 96077, 98057, 85900, 95157, 97708, 93066, 98291, 95372, 95041, 95466, 99211, 98527, 92232, 84761, 72550, 76304] 
MEAN: 90016.6538462 SDEV: 7510.21313813
======================================================================================
noswarm
FAILURES: [0, 0, 0, 0, 0, 0, 0, 0, 0, 0, 0, 0, 0, 0, 0, 0, 0, 0, 0, 0, 0, 0, 0, 0, 0, 0] 
MEAN: 0.0 SDEV: 0.0
BRANCHES: [1737, 1737, 1737, 1743, 1737, 1730, 1737, 1737, 1737, 1730, 1730, 1737, 1737, 1737, 1637, 1737, 1637, 1737, 1737, 1737, 1737, 1737, 1743, 1743, 1737, 1637] 
MEAN: 1725.34615385 SDEV: 32.0599706172
STATEMENTS: [1569, 1569, 1569, 1573, 1569, 1564, 1569, 1569, 1569, 1564, 1564, 1569, 1569, 1569, 1498, 1569, 1498, 1569, 1569, 1569, 1569, 1569, 1573, 1573, 1569, 1498] 
MEAN: 1560.69230769 SDEV: 22.7456998992
ACTIONS: [61804, 59189, 66978, 64237, 65247, 61207, 64617, 63455, 62006, 54602, 65200, 70534, 61607, 63937, 71708, 71755, 70625, 71408, 71707, 70967, 71654, 70989, 66861, 63505, 62088, 48219] 
MEAN: 65234.8461538 SDEV: 5698.37226888


WILCOX STATISTICAL ANALYSIS WITH P-VALUE TARGET 0.05
======================================================================================
noswarm VS. swarm
BRANCHES WILCOX: 1.01710569946e-05
noswarm 1725.34615385 swarm 1842.53846154
STATEMENTS WILCOX: 1.01710569946e-05
noswarm 1560.69230769 swarm 1642.76923077
OPERATIONS WILCOX: 8.29809930636e-06
noswarm 65234.8461538 swarm 90016.6538462
