/usr/local/lib/python2.7/site-packages/scipy/stats/morestats.py:2384: UserWarning: Warning: sample size too small for normal approximation.
  warnings.warn("Warning: sample size too small for normal approximation.")
/usr/local/lib/python2.7/site-packages/scipy/stats/morestats.py:2408: RuntimeWarning: invalid value encountered in double_scalars
  z = (T - mn - correction) / se
======================================================================================
allseq.s3.7
FAILURES: [0, 0, 0, 0, 0, 0, 0, 0, 0, 0, 0, 0, 0, 0, 0, 0, 0, 0, 0] 
MEAN: 0.0 SDEV: 0.0
BRANCHES: [1737, 1737, 1737, 1737, 1737, 1743, 1737, 1737, 1743, 1637, 1737, 1737, 1743, 1743, 1737, 1737, 1737, 1737, 1737] 
MEAN: 1733.0 SDEV: 22.7573007372
STATEMENTS: [1569, 1569, 1569, 1569, 1569, 1573, 1569, 1569, 1573, 1498, 1569, 1569, 1573, 1573, 1569, 1569, 1569, 1569, 1569] 
MEAN: 1566.10526316 SDEV: 16.1339613592
ACTIONS: [348300, 346500, 348300, 337000, 346600, 282000, 346300, 347700, 348300, 23200, 343400, 346000, 342900, 346500, 349600, 344700, 139300, 342600, 346900] 
MEAN: 314531.578947 SDEV: 83461.2614371
======================================================================================
allseq.s4.7
FAILURES: [0, 0, 0, 0, 0, 0, 0, 0, 0, 0, 0, 0, 0, 0, 0, 0, 0, 0, 0] 
MEAN: 0.0 SDEV: 0.0
BRANCHES: [1743, 1737, 1737, 1737, 1737, 1743, 1743, 1743, 1737, 1737, 1743, 1743, 1737, 1737, 1737, 1974, 1737, 1955, 1737] 
MEAN: 1762.84210526 SDEV: 69.2898284917
STATEMENTS: [1573, 1569, 1569, 1569, 1569, 1573, 1573, 1573, 1569, 1569, 1573, 1573, 1569, 1569, 1569, 1735, 1569, 1723, 1569] 
MEAN: 1587.10526316 SDEV: 48.7419572171
ACTIONS: [348800, 343800, 342600, 345000, 346300, 337100, 347400, 348400, 345600, 350000, 341900, 345700, 345900, 346300, 343500, 343800, 315700, 337500, 347000] 
MEAN: 343278.947368 SDEV: 7280.73007815
======================================================================================
stubseq.s3.7
FAILURES: [0, 0, 0, 0, 0, 0, 0, 0, 0, 0, 0, 0, 0, 0, 0, 0, 0, 0, 0] 
MEAN: 0.0 SDEV: 0.0
BRANCHES: [1743, 1737, 1737, 1737, 1743, 1737, 1737, 1743, 1737, 1737, 1743, 1743, 1737, 1737, 1743, 1737, 1737, 1743, 1743] 
MEAN: 1739.52631579 SDEV: 2.96236784831
STATEMENTS: [1573, 1569, 1569, 1569, 1573, 1569, 1569, 1573, 1569, 1569, 1573, 1573, 1569, 1569, 1573, 1569, 1569, 1573, 1573] 
MEAN: 1570.68421053 SDEV: 1.97491189887
ACTIONS: [346500, 288500, 321800, 345300, 328400, 338700, 348900, 346400, 347300, 350200, 346900, 349400, 349700, 347900, 350500, 326600, 330400, 344400, 344900] 
MEAN: 339615.789474 SDEV: 14836.9830654
======================================================================================
stubseq.s4.7
FAILURES: [0, 0, 0, 0, 0, 0, 0, 0, 0, 0, 0, 0, 0, 0, 0, 0, 0, 0, 0] 
MEAN: 0.0 SDEV: 0.0
BRANCHES: [1743, 1743, 1737, 1737, 1743, 1737, 1737, 1737, 1737, 1743, 1743, 1743, 1737, 1737, 1737, 1743, 1743, 1737, 1743] 
MEAN: 1739.84210526 SDEV: 2.99584199384
STATEMENTS: [1573, 1573, 1569, 1569, 1573, 1569, 1569, 1569, 1569, 1573, 1573, 1573, 1569, 1569, 1569, 1573, 1573, 1569, 1573] 
MEAN: 1570.89473684 SDEV: 1.9972279959
ACTIONS: [346800, 341500, 340600, 342400, 300600, 328000, 347100, 347000, 349100, 346500, 347400, 350300, 342200, 343900, 346500, 345100, 297100, 343900, 343800] 
MEAN: 339463.157895 SDEV: 14670.3858711
======================================================================================
randseq.7
FAILURES: [0, 0, 0, 0, 0, 0, 0, 0, 0, 0, 0, 0, 0, 0, 0, 0, 0, 0, 0] 
MEAN: 0.0 SDEV: 0.0
BRANCHES: [1743, 1737, 1737, 1743, 1743, 1737, 1737, 1743, 1743, 1743, 1737, 1743, 1737, 1737, 1743, 1737, 1737, 1743, 1737] 
MEAN: 1739.84210526 SDEV: 2.99584199384
STATEMENTS: [1573, 1569, 1569, 1573, 1573, 1569, 1569, 1573, 1573, 1573, 1569, 1573, 1569, 1569, 1573, 1569, 1569, 1573, 1569] 
MEAN: 1570.89473684 SDEV: 1.9972279959
ACTIONS: [345500, 338100, 344300, 349400, 349100, 299300, 333700, 345200, 349100, 349100, 342200, 351100, 342800, 351100, 347400, 349200, 350200, 341400, 351100] 
MEAN: 343647.368421 SDEV: 11441.630746


WILCOX STATISTICAL ANALYSIS WITH P-VALUE TARGET 0.7
======================================================================================
allseq.s3.7 VS. randseq.7
BRANCHES WILCOX: 0.108809430041
STATEMENTS WILCOX: 0.108809430041
======================================================================================
allseq.s4.7 VS. randseq.7
BRANCHES WILCOX: 0.589232033899
STATEMENTS WILCOX: 0.589232033899
======================================================================================
randseq.7 VS. stubseq.s3.7
BRANCHES WILCOX: 0.654720846019
STATEMENTS WILCOX: 0.654720846019
======================================================================================
randseq.7 VS. stubseq.s4.7
